{
  "/Users/freddyagbona/Documents/workspace/projects/bolt-issue-api/src/server.ts": {
    "path": "/Users/freddyagbona/Documents/workspace/projects/bolt-issue-api/src/server.ts",
    "statementMap": {
      "0": { "start": { "line": 2, "column": 0 }, "end": { "line": 2, "column": 30 } },
      "1": { "start": { "line": 3, "column": 0 }, "end": { "line": 3, "column": 24 } },
      "2": { "start": { "line": 4, "column": 0 }, "end": { "line": 4, "column": 49 } },
      "3": { "start": { "line": 5, "column": 0 }, "end": { "line": 5, "column": 57 } },
      "4": { "start": { "line": 6, "column": 0 }, "end": { "line": 6, "column": 34 } },
      "5": { "start": { "line": 7, "column": 0 }, "end": { "line": 7, "column": 37 } },
      "6": { "start": { "line": 9, "column": 13 }, "end": { "line": 9, "column": 29 } },
      "7": { "start": { "line": 10, "column": 0 }, "end": { "line": 10, "column": 16 } },
      "8": { "start": { "line": 11, "column": 0 }, "end": { "line": 11, "column": 24 } },
      "9": { "start": { "line": 12, "column": 0 }, "end": { "line": 12, "column": 30 } },
      "10": { "start": { "line": 13, "column": 0 }, "end": { "line": 13, "column": 22 } },
      "11": { "start": { "line": 15, "column": 0 }, "end": { "line": 20, "column": 1 } },
      "12": { "start": { "line": 16, "column": 15 }, "end": { "line": 16, "column": 26 } },
      "13": { "start": { "line": 17, "column": 2 }, "end": { "line": 19, "column": 5 } },
      "14": { "start": { "line": 18, "column": 4 }, "end": { "line": 18, "column": 50 } }
    },
    "fnMap": {
      "0": {
        "name": "(anonymous_1)",
        "decl": { "start": { "line": 17, "column": 19 }, "end": { "line": 17, "column": 22 } },
        "loc": { "start": { "line": 17, "column": 24 }, "end": { "line": 19, "column": 3 } }
      }
    },
    "branchMap": {
      "0": {
        "loc": { "start": { "line": 15, "column": 0 }, "end": { "line": 20, "column": 1 } },
        "type": "if",
        "locations": [{ "start": { "line": 15, "column": 0 }, "end": { "line": 20, "column": 1 } }]
      }
    },
    "s": {
      "0": 1,
      "1": 1,
      "2": 1,
      "3": 1,
      "4": 1,
      "5": 1,
      "6": 1,
      "7": 1,
      "8": 1,
      "9": 1,
      "10": 1,
      "11": 1,
      "12": 0,
      "13": 0,
      "14": 0
    },
    "f": { "0": 0 },
    "b": { "0": [0] }
  },
  "/Users/freddyagbona/Documents/workspace/projects/bolt-issue-api/src/config/index.ts": {
    "path": "/Users/freddyagbona/Documents/workspace/projects/bolt-issue-api/src/config/index.ts",
    "statementMap": {
      "0": { "start": { "line": 1, "column": 0 }, "end": { "line": 1, "column": 28 } },
      "1": { "start": { "line": 2, "column": 0 }, "end": { "line": 2, "column": 24 } },
      "2": { "start": { "line": 3, "column": 0 }, "end": { "line": 3, "column": 16 } },
      "3": { "start": { "line": 6, "column": 18 }, "end": { "line": 14, "column": 2 } },
      "4": { "start": { "line": 10, "column": 24 }, "end": { "line": 10, "column": 41 } },
      "5": { "start": { "line": 17, "column": 13 }, "end": { "line": 17, "column": 45 } },
      "6": { "start": { "line": 19, "column": 0 }, "end": { "line": 22, "column": 1 } },
      "7": { "start": { "line": 20, "column": 2 }, "end": { "line": 20, "column": 73 } },
      "8": { "start": { "line": 21, "column": 2 }, "end": { "line": 21, "column": 18 } },
      "9": { "start": { "line": 24, "column": 13 }, "end": { "line": 29, "column": 2 } }
    },
    "fnMap": {
      "0": {
        "name": "(anonymous_1)",
        "decl": { "start": { "line": 10, "column": 15 }, "end": { "line": 10, "column": 16 } },
        "loc": { "start": { "line": 10, "column": 24 }, "end": { "line": 10, "column": 41 } }
      }
    },
    "branchMap": {
      "0": {
        "loc": { "start": { "line": 19, "column": 0 }, "end": { "line": 22, "column": 1 } },
        "type": "if",
        "locations": [{ "start": { "line": 19, "column": 0 }, "end": { "line": 22, "column": 1 } }]
      }
    },
    "s": { "0": 3, "1": 3, "2": 3, "3": 3, "4": 3, "5": 3, "6": 3, "7": 0, "8": 0, "9": 3 },
    "f": { "0": 3 },
    "b": { "0": [0] }
  },
  "/Users/freddyagbona/Documents/workspace/projects/bolt-issue-api/src/controllers/reportController.ts": {
    "path": "/Users/freddyagbona/Documents/workspace/projects/bolt-issue-api/src/controllers/reportController.ts",
    "statementMap": {
      "0": { "start": { "line": 2, "column": 0 }, "end": { "line": 2, "column": 72 } },
      "1": { "start": { "line": 5, "column": 27 }, "end": { "line": 22, "column": 1 } },
      "2": { "start": { "line": 10, "column": 2 }, "end": { "line": 21, "column": 3 } },
      "3": { "start": { "line": 11, "column": 44 }, "end": { "line": 11, "column": 52 } },
      "4": { "start": { "line": 12, "column": 20 }, "end": { "line": 12, "column": 39 } },
      "5": { "start": { "line": 13, "column": 21 }, "end": { "line": 17, "column": 22 } },
      "6": { "start": { "line": 18, "column": 4 }, "end": { "line": 18, "column": 39 } },
      "7": { "start": { "line": 20, "column": 4 }, "end": { "line": 20, "column": 14 } },
      "8": { "start": { "line": 5, "column": 13 }, "end": { "line": 5, "column": 27 } }
    },
    "fnMap": {
      "0": {
        "name": "(anonymous_0)",
        "decl": { "start": { "line": 5, "column": 27 }, "end": { "line": 5, "column": 32 } },
        "loc": { "start": { "line": 9, "column": 4 }, "end": { "line": 22, "column": 1 } }
      }
    },
    "branchMap": {},
    "s": { "0": 1, "1": 1, "2": 2, "3": 2, "4": 2, "5": 2, "6": 1, "7": 1, "8": 1 },
    "f": { "0": 2 },
    "b": {}
  },
  "/Users/freddyagbona/Documents/workspace/projects/bolt-issue-api/src/middleware/errorHandler.ts": {
    "path": "/Users/freddyagbona/Documents/workspace/projects/bolt-issue-api/src/middleware/errorHandler.ts",
    "statementMap": {
      "0": { "start": { "line": 4, "column": 0 }, "end": { "line": 4, "column": 16 } },
      "1": { "start": { "line": 2, "column": 0 }, "end": { "line": 2, "column": 38 } },
      "2": { "start": { "line": 5, "column": 2 }, "end": { "line": 5, "column": 37 } },
      "3": { "start": { "line": 6, "column": 18 }, "end": { "line": 6, "column": 78 } },
      "4": { "start": { "line": 7, "column": 2 }, "end": { "line": 7, "column": 43 } }
    },
    "fnMap": {
      "0": {
        "name": "errorHandler",
        "decl": { "start": { "line": 4, "column": 16 }, "end": { "line": 4, "column": 28 } },
        "loc": { "start": { "line": 4, "column": 90 }, "end": { "line": 8, "column": 1 } }
      }
    },
    "branchMap": {
      "0": {
        "loc": { "start": { "line": 6, "column": 18 }, "end": { "line": 6, "column": 78 } },
        "type": "cond-expr",
        "locations": [
          { "start": { "line": 6, "column": 41 }, "end": { "line": 6, "column": 52 } },
          { "start": { "line": 6, "column": 55 }, "end": { "line": 6, "column": 78 } }
        ]
      }
    },
    "s": { "0": 1, "1": 1, "2": 1, "3": 1, "4": 1 },
    "f": { "0": 1 },
    "b": { "0": [1, 0] }
  },
  "/Users/freddyagbona/Documents/workspace/projects/bolt-issue-api/src/middleware/validate.ts": {
    "path": "/Users/freddyagbona/Documents/workspace/projects/bolt-issue-api/src/middleware/validate.ts",
    "statementMap": {
      "0": { "start": { "line": 5, "column": 2 }, "end": { "line": 14, "column": 3 } },
      "1": { "start": { "line": 6, "column": 2 }, "end": { "line": 14, "column": 3 } },
      "2": { "start": { "line": 7, "column": 19 }, "end": { "line": 7, "column": 45 } },
      "3": { "start": { "line": 8, "column": 4 }, "end": { "line": 11, "column": 5 } },
      "4": { "start": { "line": 9, "column": 6 }, "end": { "line": 9, "column": 62 } },
      "5": { "start": { "line": 10, "column": 6 }, "end": { "line": 10, "column": 13 } },
      "6": { "start": { "line": 12, "column": 4 }, "end": { "line": 12, "column": 27 } },
      "7": { "start": { "line": 13, "column": 4 }, "end": { "line": 13, "column": 11 } },
      "8": { "start": { "line": 4, "column": 13 }, "end": { "line": 4, "column": null } }
    },
    "fnMap": {
      "0": {
        "name": "(anonymous_0)",
        "decl": { "start": { "line": 5, "column": 2 }, "end": { "line": 5, "column": 3 } },
        "loc": { "start": { "line": 6, "column": 2 }, "end": { "line": 14, "column": 3 } }
      },
      "1": {
        "name": "(anonymous_1)",
        "decl": { "start": { "line": 6, "column": 2 }, "end": { "line": 6, "column": 3 } },
        "loc": { "start": { "line": 6, "column": 60 }, "end": { "line": 14, "column": 3 } }
      }
    },
    "branchMap": {
      "0": {
        "loc": { "start": { "line": 8, "column": 4 }, "end": { "line": 11, "column": 5 } },
        "type": "if",
        "locations": [{ "start": { "line": 8, "column": 4 }, "end": { "line": 11, "column": 5 } }]
      }
    },
    "s": { "0": 1, "1": 1, "2": 3, "3": 3, "4": 1, "5": 1, "6": 2, "7": 2, "8": 1 },
    "f": { "0": 1, "1": 3 },
    "b": { "0": [1] }
  },
  "/Users/freddyagbona/Documents/workspace/projects/bolt-issue-api/src/routes/reportRoutes.ts": {
    "path": "/Users/freddyagbona/Documents/workspace/projects/bolt-issue-api/src/routes/reportRoutes.ts",
    "statementMap": {
      "0": { "start": { "line": 1, "column": 0 }, "end": { "line": 1, "column": 33 } },
      "1": { "start": { "line": 2, "column": 0 }, "end": { "line": 2, "column": 62 } },
      "2": { "start": { "line": 3, "column": 0 }, "end": { "line": 3, "column": 50 } },
      "3": { "start": { "line": 4, "column": 0 }, "end": { "line": 4, "column": 54 } },
      "4": { "start": { "line": 6, "column": 15 }, "end": { "line": 6, "column": 23 } },
      "5": { "start": { "line": 8, "column": 0 }, "end": { "line": 8, "column": 59 } },
      "6": { "start": { "line": 10, "column": 0 }, "end": { "line": 10, "column": 22 } }
    },
    "fnMap": {},
    "branchMap": {},
    "s": { "0": 1, "1": 1, "2": 1, "3": 1, "4": 1, "5": 1, "6": 1 },
    "f": {},
    "b": {}
  },
  "/Users/freddyagbona/Documents/workspace/projects/bolt-issue-api/src/schemas/reportSchema.ts": {
    "path": "/Users/freddyagbona/Documents/workspace/projects/bolt-issue-api/src/schemas/reportSchema.ts",
    "statementMap": {
      "0": { "start": { "line": 1, "column": 0 }, "end": { "line": 1, "column": 24 } },
      "1": { "start": { "line": 3, "column": 13 }, "end": { "line": 9, "column": 3 } }
    },
    "fnMap": {},
    "branchMap": {},
    "s": { "0": 1, "1": 1 },
    "f": {},
    "b": {}
  },
  "/Users/freddyagbona/Documents/workspace/projects/bolt-issue-api/src/services/githubService.ts": {
    "path": "/Users/freddyagbona/Documents/workspace/projects/bolt-issue-api/src/services/githubService.ts",
    "statementMap": {
      "0": { "start": { "line": 1, "column": 0 }, "end": { "line": 1, "column": 40 } },
      "1": { "start": { "line": 2, "column": 0 }, "end": { "line": 2, "column": 35 } },
      "2": { "start": { "line": 14, "column": 4 }, "end": { "line": 14, "column": 60 } },
      "3": { "start": { "line": 22, "column": 17 }, "end": { "line": 30, "column": 16 } },
      "4": { "start": { "line": 32, "column": 18 }, "end": { "line": 37, "column": 6 } },
      "5": { "start": { "line": 39, "column": 4 }, "end": { "line": 39, "column": 31 } },
      "6": { "start": { "line": 10, "column": 0 }, "end": { "line": 10, "column": 13 } }
    },
    "fnMap": {
      "0": {
        "name": "(anonymous_0)",
        "decl": { "start": { "line": 13, "column": 2 }, "end": { "line": 13, "column": null } },
        "loc": { "start": { "line": 13, "column": 2 }, "end": { "line": 15, "column": 3 } }
      },
      "1": {
        "name": "(anonymous_1)",
        "decl": { "start": { "line": 17, "column": 9 }, "end": { "line": 17, "column": 14 } },
        "loc": { "start": { "line": 21, "column": 17 }, "end": { "line": 40, "column": 3 } }
      }
    },
    "branchMap": {
      "0": {
        "loc": { "start": { "line": 19, "column": 4 }, "end": { "line": 19, "column": 20 } },
        "type": "default-arg",
        "locations": [
          { "start": { "line": 19, "column": 18 }, "end": { "line": 19, "column": 20 } }
        ]
      },
      "1": {
        "loc": { "start": { "line": 20, "column": 4 }, "end": { "line": 20, "column": 16 } },
        "type": "default-arg",
        "locations": [
          { "start": { "line": 20, "column": 14 }, "end": { "line": 20, "column": 16 } }
        ]
      },
      "2": {
        "loc": { "start": { "line": 24, "column": 6 }, "end": { "line": 24, "column": 47 } },
        "type": "binary-expr",
        "locations": [
          { "start": { "line": 24, "column": 6 }, "end": { "line": 24, "column": 17 } },
          { "start": { "line": 24, "column": 21 }, "end": { "line": 24, "column": 47 } }
        ]
      }
    },
    "s": { "0": 2, "1": 2, "2": 2, "3": 2, "4": 2, "5": 1, "6": 2 },
    "f": { "0": 2, "1": 2 },
    "b": { "0": [1], "1": [0], "2": [2, 1] }
  },
  "/Users/freddyagbona/Documents/workspace/projects/bolt-issue-api/src/utils/logger.ts": {
    "path": "/Users/freddyagbona/Documents/workspace/projects/bolt-issue-api/src/utils/logger.ts",
    "statementMap": {
      "0": { "start": { "line": 1, "column": 13 }, "end": { "line": 5, "column": 2 } },
      "1": { "start": { "line": 2, "column": 32 }, "end": { "line": 2, "column": 62 } },
      "2": { "start": { "line": 3, "column": 32 }, "end": { "line": 3, "column": 63 } },
      "3": { "start": { "line": 4, "column": 33 }, "end": { "line": 4, "column": 66 } }
    },
    "fnMap": {
      "0": {
        "name": "(anonymous_0)",
        "decl": { "start": { "line": 2, "column": 8 }, "end": { "line": 2, "column": 9 } },
        "loc": { "start": { "line": 2, "column": 32 }, "end": { "line": 2, "column": 62 } }
      },
      "1": {
        "name": "(anonymous_1)",
        "decl": { "start": { "line": 3, "column": 8 }, "end": { "line": 3, "column": 9 } },
        "loc": { "start": { "line": 3, "column": 32 }, "end": { "line": 3, "column": 63 } }
      },
      "2": {
        "name": "(anonymous_2)",
        "decl": { "start": { "line": 4, "column": 9 }, "end": { "line": 4, "column": 10 } },
        "loc": { "start": { "line": 4, "column": 33 }, "end": { "line": 4, "column": 66 } }
      }
    },
    "branchMap": {},
    "s": { "0": 1, "1": 0, "2": 0, "3": 1 },
    "f": { "0": 0, "1": 0, "2": 1 },
    "b": {}
  }
}
